INFO:root:=== Root Builder Start ===
INFO:Feature Toggles:Checking toggle domain_only in /workspaces/cybersecurity-threat-research/build_root.py:26 get_contents()
DEBUG:root:find file: MuddyWater.yaml in folder(domain/study)
DEBUG:root:find file: BiliBili.yaml in folder(domain/study)
DEBUG:root:find file: ta505.com.yaml in folder(domain/study)
DEBUG:root:find file: mysticwidgets.com.yaml in folder(domain/study)
DEBUG:root:find file: on.syn.broadcaster.rocks.yaml in folder(domain/study)
DEBUG:root:find file: M11209315_Pittytiger.yaml in folder(domain/study)
DEBUG:root:find file: securityupdated.com.yaml in folder(domain/study)
DEBUG:root:find file: elfin.com.yaml in folder(domain/study)
DEBUG:root:find file: github.com.yaml in folder(domain/study)
DEBUG:root:find file: menupass_malware_domain.yaml in folder(domain/study)
DEBUG:root:find file: bawaslu.go.id.yaml in folder(domain/study)
DEBUG:root:find file: tu.berlin.yaml in folder(domain/study)
DEBUG:root:find file: Tiket.com.yaml in folder(domain/study)
DEBUG:root:find file: wongnai.com.yaml in folder(domain/study)
DEBUG:root:find file: malwarebytes.yaml in folder(domain/study)
DEBUG:root:find file: E112215001-B10909015-B10909018.yaml in folder(domain/study)
DEBUG:root:find file: fancybear.com.yaml in folder(domain/study)
DEBUG:root:find file: apple.com.yaml in folder(domain/study)
DEBUG:root:find file: moda.gov.tw.yaml in folder(domain/study)
DEBUG:root:find file: ece.fr.yml in folder(domain/study)
DEBUG:root:find file: timhortons.ca.yaml in folder(domain/study)
DEBUG:root:find file: on.tdo.com.yaml in folder(domain/study)
DEBUG:root:find file: orange.tw.yaml in folder(domain/study)
DEBUG:root:find file: M11209310-PittyTiger.yaml in folder(domain/study)
DEBUG:root:find file: silencegroupdimain.yaml in folder(domain/study)
DEBUG:root:find file: www.cia.gov.yaml in folder(domain/study)
DEBUG:root:find file: TA505.com.yaml in folder(domain/study)
DEBUG:root:find file: markettrendingcenter.com.yaml in folder(domain/study)
DEBUG:root:find file: Citibank.yaml in folder(domain/study)
DEBUG:root:find file: netsolhost.com.yaml in folder(domain/study)
DEBUG:root:find file: OceanBuffalo.yaml in folder(domain/study)
DEBUG:root:find file: www.mangago.me.yaml in folder(domain/study)
DEBUG:root:find file: hackmd.io.yaml in folder(domain/study)
DEBUG:root:find file: itk.yaml in folder(domain/study)
DEBUG:root:find file: MuddyWater.yaml in folder(threat/actor)
DEBUG:root:find file: apt31.yaml in folder(threat/actor)
DEBUG:root:find file: APT28-Sofacy.yaml in folder(threat/actor)
DEBUG:root:find file: apt31.yml in folder(threat/actor)
DEBUG:root:find file: APT19(Codoso).yaml in folder(threat/actor)
DEBUG:root:find file: fancy-bear.yaml in folder(threat/actor)
DEBUG:root:find file: APT33-elfin-2.yaml in folder(threat/actor)
DEBUG:root:find file: APT-C-39.yaml in folder(threat/actor)
DEBUG:root:find file: lazarus-group.yaml in folder(threat/actor)
DEBUG:root:find file: TA505.yaml in folder(threat/actor)
DEBUG:root:find file: apt41.yaml in folder(threat/actor)
DEBUG:root:find file: DarkHydrus.yaml in folder(threat/actor)
DEBUG:root:find file: APT34 Oilrig.yaml in folder(threat/actor)
DEBUG:root:find file: apt33-elfin.yaml in folder(threat/actor)
DEBUG:root:find file: APT40 (Bronze President).yaml in folder(threat/actor)
DEBUG:root:find file: APT34-Oilrig.yaml in folder(threat/actor)
DEBUG:root:find file: CharmingKitten.yaml in folder(threat/actor)
DEBUG:root:find file: PittyTiger.yaml in folder(threat/actor)
DEBUG:root:find file: APT18(Dust Storm).yaml in folder(threat/actor)
DEBUG:root:find file: menuPass.yaml in folder(threat/actor)
DEBUG:root:find file: APT33.yaml in folder(threat/actor)
DEBUG:root:find file: apt37-reaper.yaml in folder(threat/actor)
DEBUG:root:find file: Carbanak.yaml in folder(threat/actor)
DEBUG:root:find file: OceanBuffalo.yaml in folder(threat/actor)
DEBUG:root:find file: CozyCar.yaml in folder(threat/actor)
DEBUG:root:find file: SilenceGroup.yaml in folder(threat/actor)
DEBUG:root:find file: APT-C-35-Sea-Turtle.yaml in folder(threat/actor)
DEBUG:root:find file: tdo.yaml in folder(threat/actor)
INFO:root:=== Root Builder Finished ===
