INFO:root:Start
ERROR:root:README.md not include .yaml or .yml
ERROR:root:PCHOME.COM.TW_inurlbr_3.png not include .yaml or .yml
ERROR:root:markettrendingcenter.com-dirhunt-scan.png not include .yaml or .yml
ERROR:root:B10909046_Dirhunt_02.png not include .yaml or .yml
ERROR:root:dirhunt_1.png not include .yaml or .yml
ERROR:root:moda.gov.tw_cmsmap -1.PNG not include .yaml or .yml
ERROR:root:googledork.png not include .yaml or .yml
ERROR:root:timhortons-builtwith1.png not include .yaml or .yml
ERROR:root:malwarebytes-scan-1016photon.PNG not include .yaml or .yml
ERROR:root:scamadvisor.com-photon.png not include .yaml or .yml
ERROR:root:login.drive-google-com.tk_Photon.png not include .yaml or .yml
ERROR:root:image.png not include .yaml or .yml
ERROR:root:josh2017.kestrel.png not include .yaml or .yml
ERROR:root:SCANNER-INURLBR_output.png not include .yaml or .yml
ERROR:root:PCHOME.COM.TW_inurlbr_2.png not include .yaml or .yml
ERROR:root:PCHOME.COM.TW_site_3.png not include .yaml or .yml
ERROR:root:B10909046_1023.png not include .yaml or .yml
ERROR:root:dork.PNG not include .yaml or .yml
ERROR:root:B10909046_inurlbr_1023.png not include .yaml or .yml
ERROR:root:oilrig.com-dirhunt1.png not include .yaml or .yml
ERROR:root:malwarebytes-scan-1016builtwith3.png not include .yaml or .yml
ERROR:root:phrank_leeng_inurlbr_output.txt not include .yaml or .yml
ERROR:root:moodle2_scan.png not include .yaml or .yml
ERROR:root:apple-scan.JPG not include .yaml or .yml
ERROR:root:SCANNER-INURLBR_running.txt not include .yaml or .yml
ERROR:root:PCHOME.COM.TW_photon.png not include .yaml or .yml
ERROR:root:TSMC_crt.PNG not include .yaml or .yml
ERROR:root:spiderfoot.ece.fr.png not include .yaml or .yml
ERROR:root:timhortons-wpscan.PNG not include .yaml or .yml
ERROR:root:wongnai.docker run it_2.jpg not include .yaml or .yml
ERROR:root:tdo-scan.png not include .yaml or .yml
ERROR:root:syn.broadcaster.rocks-recon-ng.png not include .yaml or .yml
ERROR:root:dirhunt_aclab1.jpg not include .yaml or .yml
ERROR:root:B10909046_Buildwith.png not include .yaml or .yml
ERROR:root:phrank_leeng_inurlbr_log.txt not include .yaml or .yml
ERROR:root:login.drive-google-com.tk_WPScan.png not include .yaml or .yml
ERROR:root:kestrel_3.png not include .yaml or .yml
ERROR:root:PittyTiger.png not include .yaml or .yml
ERROR:root:builtwix_2_ece.fr.png not include .yaml or .yml
ERROR:root:apple-scan (3).PNG not include .yaml or .yml
ERROR:root:M11209310-scan.png not include .yaml or .yml
ERROR:root:M11209315_PittyTiger_BUILTWITH.COM.png not include .yaml or .yml
ERROR:root:moodle2.ntust.edu.tw not include .yaml or .yml
ERROR:root:login.drive-google-com.tk_Dirhunt.png not include .yaml or .yml
ERROR:root:reaconng_host.png not include .yaml or .yml
ERROR:root:github-scan.png not include .yaml or .yml
ERROR:root:oilrig recon ng-scan.PNG not include .yaml or .yml
ERROR:root:M11209315_PittyTiger_WPScan.png not include .yaml or .yml
ERROR:root:1.PNG not include .yaml or .yml
ERROR:root:malwarebytes-scan-1016builtwith1.png not include .yaml or .yml
ERROR:root:fancybear-scan.jpg not include .yaml or .yml
ERROR:root:markettrendingcenter.com-wig-scan.png.png not include .yaml or .yml
ERROR:root:login.drive-google-com.tk_CMSMAP.png not include .yaml or .yml
ERROR:root:dirhunt_mangago.me.png not include .yaml or .yml
ERROR:root:markettrendingcenter.com-WPScan-scan.png.png not include .yaml or .yml
ERROR:root:reaconng.png not include .yaml or .yml
ERROR:root:Jupyter.PNG not include .yaml or .yml
ERROR:root:inurlbr_2.png not include .yaml or .yml
ERROR:root:timhortons-wfuzz.PNG not include .yaml or .yml
ERROR:root:PCHOME.COM.TW_KESTREL_INSTALLATION.png not include .yaml or .yml
ERROR:root:inurlbr.png not include .yaml or .yml
ERROR:root:(3).PNG not include .yaml or .yml
ERROR:root:oilrig.com-Cmsmap.png not include .yaml or .yml
ERROR:root:recon-ng-scan1.png not include .yaml or .yml
ERROR:root:josh2017.googledork.png not include .yaml or .yml
ERROR:root:www.cia.gov-scan4.png not include .yaml or .yml
ERROR:root:PCHOME.COM.TW_Wappalyzer_2.png not include .yaml or .yml
ERROR:root:www.cia.gov-scan2.png not include .yaml or .yml
ERROR:root:photon_aclab.jpg not include .yaml or .yml
ERROR:root:login.drive-google-com.tk_BUILTWITH.png not include .yaml or .yml
ERROR:root:ta505.com.yaml.bak not include .yaml or .yml
ERROR:root:PCHOME.COM.TW_link.png not include .yaml or .yml
ERROR:root:malwarebytes-scan-1016wig.png not include .yaml or .yml
ERROR:root:timhortons-dirhunt.png not include .yaml or .yml
ERROR:root:PCHOME.COM.TW_Wappalyzer_1_1.png not include .yaml or .yml
ERROR:root:截圖 2023-10-16 上午11.46.26.jpg not include .yaml or .yml
ERROR:root:builtwix_ece.fr.png not include .yaml or .yml
ERROR:root:login.drive-google-com.tk_wig.png not include .yaml or .yml
ERROR:root:kestrel.png not include .yaml or .yml
ERROR:root:wongnai.Running a Dork.jpg not include .yaml or .yml
ERROR:root:mysticwidgets-scan.png not include .yaml or .yml
ERROR:root:markettrendingcenter.com-inurlbr.png not include .yaml or .yml
ERROR:root:wig_fancybear.jpg not include .yaml or .yml
ERROR:root:M11209315_PittyTiger_wfuzz.png not include .yaml or .yml
ERROR:root:WFUZZ.PNG not include .yaml or .yml
ERROR:root:testphp.vulnweb.com-directory-hunt-scan.png not include .yaml or .yml
ERROR:root:securityupdated.com.png not include .yaml or .yml
ERROR:root:dirhunt_2.png not include .yaml or .yml
ERROR:root:BiliBili_Dir_By_wfuzz.png not include .yaml or .yml
ERROR:root:Tiket.com scan.png not include .yaml or .yml
ERROR:root:PCHOME.COM.TW_site_1.png not include .yaml or .yml
ERROR:root:spiderfoot.ece.fr_IPadress.png not include .yaml or .yml
ERROR:root:wongnai.docker run it.jpg not include .yaml or .yml
ERROR:root:Muddywater-scan.png not include .yaml or .yml
ERROR:root:netsolhost.com-scan.png not include .yaml or .yml
ERROR:root:B10909028.png not include .yaml or .yml
ERROR:root:agentstite.com.dirhunt.png not include .yaml or .yml
ERROR:root:silencegroup_scan01.PNG not include .yaml or .yml
ERROR:root:截圖 2023-10-02 上午11.40.36.jpg not include .yaml or .yml
ERROR:root:截圖 2023-10-16 上午11.16.04.jpg not include .yaml or .yml
ERROR:root:builtwith_relationship.jpg not include .yaml or .yml
ERROR:root:INURLBR.PNG not include .yaml or .yml
ERROR:root:bawaslu-scan.png not include .yaml or .yml
ERROR:root:oilrig-scan.png not include .yaml or .yml
ERROR:root:testphp.vulnweb.com-inurlbr-scan.png not include .yaml or .yml
ERROR:root:dork_running.png not include .yaml or .yml
ERROR:root:(4).PNG not include .yaml or .yml
ERROR:root:Photon.PNG not include .yaml or .yml
ERROR:root:2.PNG not include .yaml or .yml
ERROR:root:oceanbuffalo-scan.png not include .yaml or .yml
ERROR:root:M11209310-wig_scan.png not include .yaml or .yml
ERROR:root:bawaslu.go.id-sed.png not include .yaml or .yml
ERROR:root:scamadvisor.com-wig.png not include .yaml or .yml
ERROR:root:M11209315_PittyTiger_Photon.png not include .yaml or .yml
ERROR:root:kestrel installation.png not include .yaml or .yml
ERROR:root:PCHOME.COM.TW_allinurl.png not include .yaml or .yml
ERROR:root:buitwith_citi.com.png not include .yaml or .yml
ERROR:root:kestrel_2.png not include .yaml or .yml
ERROR:root:markettrendingcenter.com-Photon-scan.png not include .yaml or .yml
ERROR:root:BiliBili_CMS_by_builtwith.png not include .yaml or .yml
ERROR:root:99percentinvisible.org-wpscan.png not include .yaml or .yml
ERROR:root:PCHOME.COM.TW_Wappalyzer_1_2.png not include .yaml or .yml
ERROR:root:timhortons-scan.png not include .yaml or .yml
ERROR:root:builtwith.com_mangago.me.png not include .yaml or .yml
ERROR:root:whoisology_TSMC.png not include .yaml or .yml
ERROR:root:github_dirhunt.png not include .yaml or .yml
ERROR:root:mysticwidgets.com-wig.png not include .yaml or .yml
ERROR:root:markettrendingcenter.com-reconng-scan.png not include .yaml or .yml
ERROR:root:Photon.jpg not include .yaml or .yml
ERROR:root:Running a dork 2.png not include .yaml or .yml
ERROR:root:website_info-securityupdated.com.png not include .yaml or .yml
ERROR:root:citibank_spiderfoot.png not include .yaml or .yml
ERROR:root:BiliBili_CMS_by_wig.png not include .yaml or .yml
ERROR:root:PCHOME.COM.TW_builtwith_1.png not include .yaml or .yml
ERROR:root:PCHOME.COM.TW_dirhunt.png not include .yaml or .yml
ERROR:root:M11209315_Inurlbr.png not include .yaml or .yml
ERROR:root:PCHOME.COM.TW_site_4.png not include .yaml or .yml
ERROR:root:apple-scan (2).PNG not include .yaml or .yml
ERROR:root:search-engine.png not include .yaml or .yml
ERROR:root:nmap_scans_ykpyck.sh not include .yaml or .yml
ERROR:root:www.cia.gov-scan3_1.png not include .yaml or .yml
ERROR:root:PCHOME.COM.TW_inurlbr_1.png not include .yaml or .yml
ERROR:root:1016 threat hunting.png not include .yaml or .yml
ERROR:root:螢幕擷取畫面 (1).png not include .yaml or .yml
ERROR:root:login.drive-google-com.tk.png not include .yaml or .yml
ERROR:root:wpdake.png not include .yaml or .yml
ERROR:root:malwarebytes-scan3.png not include .yaml or .yml
ERROR:root:login.drive-google-com.tk_wfuzz.png not include .yaml or .yml
ERROR:root:markettrendingcenter.com-builtwith-scan.png not include .yaml or .yml
ERROR:root:inurlbr_1.png not include .yaml or .yml
ERROR:root:wig_mangago.me.png not include .yaml or .yml
ERROR:root:site www.ithome.com.tw threat hunting_DORK.png not include .yaml or .yml
ERROR:root:www.mittelalter-tross.de.png not include .yaml or .yml
ERROR:root:wps.PNG not include .yaml or .yml
ERROR:root:Builtwith.jpg not include .yaml or .yml
ERROR:root:kestrel_1.png not include .yaml or .yml
ERROR:root:Builtwith_2.jpg not include .yaml or .yml
ERROR:root:namedrapper_TSMC.png not include .yaml or .yml
ERROR:root:www.cia.gov-scan1.png not include .yaml or .yml
ERROR:root:malwarebytes-scan1.png not include .yaml or .yml
ERROR:root:Kestrel.jpg not include .yaml or .yml
ERROR:root:login.drive-google-com.tk_recon-ng.png not include .yaml or .yml
ERROR:root:dork.png not include .yaml or .yml
ERROR:root:Running a dork 3.png not include .yaml or .yml
ERROR:root:silencegroup_scan02.PNG not include .yaml or .yml
ERROR:root:TSMC_CTFR.PNG not include .yaml or .yml
ERROR:root:image2.png not include .yaml or .yml
ERROR:root:builtwith.png not include .yaml or .yml
ERROR:root:PCHOME.COM.TW_inurl.png not include .yaml or .yml
ERROR:root:recon-ng-scan2.png not include .yaml or .yml
ERROR:root:PCHOME.COM.TW_Wappalyzer_1.png not include .yaml or .yml
ERROR:root:malwarebytes-scan2.png not include .yaml or .yml
ERROR:root:markettrendingcenter.com-spiderfoot-scan.png not include .yaml or .yml
ERROR:root:20231002_elfin.png not include .yaml or .yml
ERROR:root:oilrig.com-dirhunt2.png not include .yaml or .yml
ERROR:root:wig_citi.com.png not include .yaml or .yml
ERROR:root:PCHOME.COM.TW_intitle.png not include .yaml or .yml
ERROR:root:KESTREL INSTALLATION(2).PNG not include .yaml or .yml
ERROR:root:apple-scan.PNG not include .yaml or .yml
ERROR:root:Screenshot 2023-10-02 at 11.32.29 AM.png not include .yaml or .yml
ERROR:root:fancybear-reconng-scan.jpg not include .yaml or .yml
ERROR:root:malwarebytes-scan-1016dirhunt2.png not include .yaml or .yml
ERROR:root:google dork_citi.com2.png not include .yaml or .yml
ERROR:root:builtwith_fancybear.jpg not include .yaml or .yml
ERROR:root:199.59.243.224-scan.png not include .yaml or .yml
ERROR:root:BiliBili_Dir_by_dirhunt.png not include .yaml or .yml
ERROR:root:PCHOME.COM.TW_cmsmap.png not include .yaml or .yml
ERROR:root:M11209310-dirhunt_scan.png not include .yaml or .yml
ERROR:root:testphp.vulnweb.com-goolge-dork.png not include .yaml or .yml
ERROR:root:testphp.vulnweb.com-kestrel-install.png not include .yaml or .yml
ERROR:root:README.md not include .yaml or .yml
ERROR:root:photon_ece.fr.png not include .yaml or .yml
ERROR:root:B10909046_Wig.png not include .yaml or .yml
ERROR:root:hackthissite.org_INURLBR.png not include .yaml or .yml
ERROR:root:RUNNING A DORK.PNG not include .yaml or .yml
ERROR:root:M11209310-wpscan_scan.png not include .yaml or .yml
ERROR:root:directory_hunts-securityupdated.com.png not include .yaml or .yml
ERROR:root:ta505-scan.png not include .yaml or .yml
ERROR:root:oceanbuffalo-reconngreport.png not include .yaml or .yml
ERROR:root:PCHOME.COM.TW_allintitle.png not include .yaml or .yml
ERROR:root:Running a dork 1.png not include .yaml or .yml
ERROR:root:bawaslu.go.id-scan.png not include .yaml or .yml
ERROR:root:mangago-scan.png not include .yaml or .yml
ERROR:root:PCHOME.COM.TW_wig.png not include .yaml or .yml
ERROR:root:PCHOME.COM.TW_wufzz.png not include .yaml or .yml
ERROR:root:M11209310-photon.png not include .yaml or .yml
ERROR:root:markettrendingcenter.com-CMSMap-scan.png.png not include .yaml or .yml
ERROR:root:syn.broadcaster.rocks.png not include .yaml or .yml
ERROR:root:orange.tw-scan.png not include .yaml or .yml
ERROR:root:login.drive-google-com.tk_Kestrel.png not include .yaml or .yml
ERROR:root:Wig.jpg not include .yaml or .yml
ERROR:root:malwarebytes-scan-1016dirhunt1.png not include .yaml or .yml
ERROR:root:dirhunt.PNG not include .yaml or .yml
ERROR:root:timhortons-cmsmap.PNG not include .yaml or .yml
ERROR:root:josh2017.inurlbr.png not include .yaml or .yml
ERROR:root:inurl-gdork-kestrel_ykpyck.png not include .yaml or .yml
ERROR:root:muddywater2.png not include .yaml or .yml
ERROR:root:PCHOME.COM.TW_site_2.png not include .yaml or .yml
ERROR:root:google dork_citi.com.png not include .yaml or .yml
ERROR:root:timhortons-builtwith2.png not include .yaml or .yml
ERROR:root:timhortons-recon-scan.png not include .yaml or .yml
ERROR:root:B10909025&29_dork.png not include .yaml or .yml
ERROR:root:tim-haenlein.de.jpg not include .yaml or .yml
ERROR:root:SCANNER-INURLBR_output.txt not include .yaml or .yml
ERROR:root:Wfuzz_citi.com.jpg not include .yaml or .yml
ERROR:root:www.jytnet.com.tw.png not include .yaml or .yml
ERROR:root:mysticwidgets.com-photon.png not include .yaml or .yml
ERROR:root:wig_ece.fr.png not include .yaml or .yml
ERROR:root:wig.PNG not include .yaml or .yml
ERROR:root:oilrig.com-buildwith1.png not include .yaml or .yml
ERROR:root:KESTREL INSTALLATION.PNG not include .yaml or .yml
ERROR:root:INURLBR.png not include .yaml or .yml
ERROR:root:M11209315_Dork.png not include .yaml or .yml
ERROR:root:B10909046_Dirhunt_01.png not include .yaml or .yml
ERROR:root:mitre.png not include .yaml or .yml
ERROR:root:markettrendingcenter.com-google-dork.png not include .yaml or .yml
ERROR:root:截圖 2023-10-16 上午11.38.05.jpg not include .yaml or .yml
ERROR:root:photon_citi.com.png not include .yaml or .yml
ERROR:root:KESTREL INSTALLATION(1).PNG not include .yaml or .yml
ERROR:root:timhortons-photon.PNG not include .yaml or .yml
ERROR:root:markettrendingcenter.com-photon-scan.json not include .yaml or .yml
ERROR:root:silencegroup_scan03.PNG not include .yaml or .yml
ERROR:root:inurlbr_install_b10909025&&29.png not include .yaml or .yml
ERROR:root:oilrig.com-WIG.PNG not include .yaml or .yml
ERROR:root:site www.ithome.com.tw threat hunting_inurlbr.png not include .yaml or .yml
ERROR:root:www.cia.gov-scan3_2.png not include .yaml or .yml
ERROR:root:moda.gov.tw-scan.PNG not include .yaml or .yml
ERROR:root:oilrig.com-buildwith2.png not include .yaml or .yml
ERROR:root:markettrendingcenter.com-kestrel-install.png not include .yaml or .yml
ERROR:root:timhortons-wig.PNG not include .yaml or .yml
ERROR:root:B1090946_Photon.png not include .yaml or .yml
ERROR:root:M11209310-builtwith_scan.png not include .yaml or .yml
ERROR:root:testphp.vulnweb.com-website-info-scan.png not include .yaml or .yml
ERROR:root:bilibili.png not include .yaml or .yml
ERROR:root:login.drive-google-com.tk_Dorks.png not include .yaml or .yml
ERROR:root:M11209315_Kestrel.png not include .yaml or .yml
ERROR:root:oilrig.com-buildwith3.png not include .yaml or .yml
ERROR:root:3.PNG not include .yaml or .yml
ERROR:root:(2).PNG not include .yaml or .yml
ERROR:root:muddywater.png not include .yaml or .yml
ERROR:root:github_builtwith.png not include .yaml or .yml
ERROR:root:wig.png not include .yaml or .yml
ERROR:root:malwarebytes-scan-1016builtwith2.png not include .yaml or .yml
ERROR:root:dirhunt_aclab2.jpg not include .yaml or .yml
ERROR:root:oilrig.com-Photon.png not include .yaml or .yml
ERROR:root:wongnai.png not include .yaml or .yml
ERROR:root:inurlbr_citi.com.png not include .yaml or .yml
ERROR:root:www.cia.gov-scan3_3.png not include .yaml or .yml
ERROR:root:PCHOME.COM.TW_builtwith_2.png not include .yaml or .yml
ERROR:root:(1).PNG not include .yaml or .yml
ERROR:root:PCHOME.COM.TW_Wappalyzer_3.png not include .yaml or .yml
ERROR:root:agentstite.com.webinfo.png not include .yaml or .yml
INFO:root:End
